<?xml version="1.0" encoding="UTF-8"?>
<!-- Generated by org.testng.reporters.JUnitXMLReporter -->
<testsuite ignored="8" hostname="LAPTOP-Q1OCEJDF" failures="0" tests="5" name="AllCreationNG" time="51.476" errors="0" timestamp="2022-02-17T20:03:20 IST">
  <testcase classname="com.ebanking.master.RoleNG" name="EmployeeCreation" time="23.341"/>
  <testcase classname="com.ebanking.master.RoleNG" name="BranchCreation" time="13.203"/>
  <testcase classname="com.ebanking.master.RoleNG" name="RoleCreation" time="6.148"/>
  <testcase classname="com.ebanking.master.EmployeeNG" name="EmployeeCreation" time="0.0">
    <skipped/>
  </testcase> <!-- EmployeeCreation -->
  <testcase classname="com.ebanking.master.BranchNG" name="BranchCreation" time="0.0">
    <skipped/>
  </testcase> <!-- BranchCreation -->
  <testcase classname="com.ebanking.master.Base" name="@BeforeTest beforeTest" time="0.0">
    <ignored/>
  </testcase> <!-- @BeforeTest beforeTest -->
  <testcase classname="com.ebanking.master.Base" name="@BeforeTest beforeTest" time="0.0">
    <ignored/>
  </testcase> <!-- @BeforeTest beforeTest -->
  <testcase classname="com.ebanking.master.Base" name="@AfterTest afterTest" time="0.0">
    <ignored/>
  </testcase> <!-- @AfterTest afterTest -->
  <testcase classname="com.ebanking.master.Base" name="@AfterTest afterTest" time="0.0">
    <ignored/>
  </testcase> <!-- @AfterTest afterTest -->
  <testcase classname="com.ebanking.master.Base" name="@BeforeSuite beforeMethod" time="0.0">
    <ignored/>
  </testcase> <!-- @BeforeSuite beforeMethod -->
  <testcase classname="com.ebanking.master.Base" name="@BeforeSuite beforeMethod" time="0.0">
    <ignored/>
  </testcase> <!-- @BeforeSuite beforeMethod -->
  <testcase classname="com.ebanking.master.Base" name="@AfterSuite afterMethod" time="0.0">
    <ignored/>
  </testcase> <!-- @AfterSuite afterMethod -->
  <testcase classname="com.ebanking.master.Base" name="@AfterSuite afterMethod" time="0.0">
    <ignored/>
  </testcase> <!-- @AfterSuite afterMethod -->
</testsuite> <!-- AllCreationNG -->
