<?xml version="1.0" encoding="UTF-8"?>
<testng-results ignored="0" total="1" passed="1" failed="0" skipped="0">
  <reporter-output>
  </reporter-output>
  <suite started-at="2022-02-23T20:36:07 IST" name="Default suite" finished-at="2022-02-23T20:36:18 IST" duration-ms="11445">
    <groups>
    </groups>
    <test started-at="2022-02-23T20:36:07 IST" name="Default test" finished-at="2022-02-23T20:36:18 IST" duration-ms="11445">
      <class name="com.ebanking.master.ExecutablePOM">
        <test-method signature="Login()[pri:0, instance:com.ebanking.master.ExecutablePOM@3a6bb9bf]" started-at="2022-02-23T20:36:07 IST" name="Login" finished-at="2022-02-23T20:36:18 IST" duration-ms="11401" status="PASS">
          <reporter-output>
          </reporter-output>
        </test-method> <!-- Login -->
      </class> <!-- com.ebanking.master.ExecutablePOM -->
    </test> <!-- Default test -->
  </suite> <!-- Default suite -->
</testng-results>
